<?xml version="1.0" encoding="UTF-8"?>
<!-- Generated by org.testng.reporters.JUnitReportReporter -->
<testsuite skipped="0" hostname="CHINTAMANI-PC" name="com.cjc.testCases.LoginTest" tests="8" failures="0" timestamp="22 Sep 2021 18:40:31 GMT" time="282.164" errors="0">
  <testcase name="loginShouldFailInCaseOf_WrongPassword" time="42.851" classname="com.cjc.testCases.LoginTest"/>
  <testcase name="loginShouldFailInCaseOf_WrongEmailId" time="32.432" classname="com.cjc.testCases.LoginTest"/>
  <testcase name="loginShouldFailInCaseOf_WrongEmailId" time="32.776" classname="com.cjc.testCases.LoginTest"/>
  <testcase name="loginShouldFailInCaseOf_WrongEmailId" time="31.241" classname="com.cjc.testCases.LoginTest"/>
  <testcase name="loginShouldBe_Successful_InCaseOf_ValidEmail_password" time="33.366" classname="com.cjc.testCases.LoginTest"/>
  <testcase name="loginShouldFailInCaseOf_WrongPassword" time="36.905" classname="com.cjc.testCases.LoginTest"/>
  <testcase name="loginShouldFailInCaseOf_WrongEmailId" time="41.395" classname="com.cjc.testCases.LoginTest"/>
  <testcase name="loginShouldFailInCaseOf_WrongPassword" time="31.198" classname="com.cjc.testCases.LoginTest"/>
</testsuite> <!-- com.cjc.testCases.LoginTest -->
