<?xml version="1.0" encoding="UTF-8"?>
<!-- Generated by org.testng.reporters.JUnitReportReporter -->
<testsuite skipped="0" hostname="CHINTAMANI-PC" name="com.cjc.testCases.ShoppingCartTest" tests="1" failures="0" timestamp="24 Sep 2021 12:33:58 GMT" time="35.507" errors="0">
  <testcase name="shoppingCart_should_be_successfully_checkout" time="35.507" classname="com.cjc.testCases.ShoppingCartTest"/>
</testsuite> <!-- com.cjc.testCases.ShoppingCartTest -->
