<?xml version="1.0" encoding="UTF-8"?>
<!-- Generated by org.testng.reporters.JUnitReportReporter -->
<testsuite skipped="0" hostname="CHINTAMANI-PC" name="com.cjc.testCases.RegisterTest" tests="15" failures="0" timestamp="22 Sep 2021 18:40:31 GMT" time="552.786" errors="0">
  <testcase name="lastnameOfCustomer" time="47.089" classname="com.cjc.testCases.RegisterTest"/>
  <testcase name="lastnameOfCustomer" time="37.882" classname="com.cjc.testCases.RegisterTest"/>
  <testcase name="emailOfCustomer" time="37.850" classname="com.cjc.testCases.RegisterTest"/>
  <testcase name="RegisterFemaleCustomer" time="38.365" classname="com.cjc.testCases.RegisterTest"/>
  <testcase name="emailOfCustomer" time="34.777" classname="com.cjc.testCases.RegisterTest"/>
  <testcase name="password" time="35.331" classname="com.cjc.testCases.RegisterTest"/>
  <testcase name="password" time="35.501" classname="com.cjc.testCases.RegisterTest"/>
  <testcase name="firstnameOfCustomer" time="41.014" classname="com.cjc.testCases.RegisterTest"/>
  <testcase name="RegisterMaleCustomer" time="33.831" classname="com.cjc.testCases.RegisterTest"/>
  <testcase name="ConfirmPassword" time="31.078" classname="com.cjc.testCases.RegisterTest"/>
  <testcase name="firstnameOfCustomer" time="36.881" classname="com.cjc.testCases.RegisterTest"/>
  <testcase name="lastnameOfCustomer" time="28.084" classname="com.cjc.testCases.RegisterTest"/>
  <testcase name="lastnameOfCustomer" time="33.609" classname="com.cjc.testCases.RegisterTest"/>
  <testcase name="firstnameOfCustomer" time="38.534" classname="com.cjc.testCases.RegisterTest"/>
  <testcase name="password" time="42.960" classname="com.cjc.testCases.RegisterTest"/>
</testsuite> <!-- com.cjc.testCases.RegisterTest -->
