<?xml version="1.0" encoding="UTF-8"?>
<!-- Generated by org.testng.reporters.JUnitReportReporter -->
<testsuite skipped="0" hostname="CHINTAMANI-PC" name="com.cjc.testCases.RegisterTest" tests="15" failures="0" timestamp="24 Sep 2021 09:48:42 GMT" time="515.469" errors="0">
  <testcase name="lastnameOfCustomer" time="40.668" classname="com.cjc.testCases.RegisterTest"/>
  <testcase name="lastnameOfCustomer" time="45.614" classname="com.cjc.testCases.RegisterTest"/>
  <testcase name="RegisterFemaleCustomer" time="27.028" classname="com.cjc.testCases.RegisterTest"/>
  <testcase name="password" time="26.753" classname="com.cjc.testCases.RegisterTest"/>
  <testcase name="firstnameOfCustomer" time="39.018" classname="com.cjc.testCases.RegisterTest"/>
  <testcase name="password" time="34.857" classname="com.cjc.testCases.RegisterTest"/>
  <testcase name="lastnameOfCustomer" time="34.260" classname="com.cjc.testCases.RegisterTest"/>
  <testcase name="emailOfCustomer" time="31.989" classname="com.cjc.testCases.RegisterTest"/>
  <testcase name="firstnameOfCustomer" time="32.162" classname="com.cjc.testCases.RegisterTest"/>
  <testcase name="firstnameOfCustomer" time="42.359" classname="com.cjc.testCases.RegisterTest"/>
  <testcase name="lastnameOfCustomer" time="35.524" classname="com.cjc.testCases.RegisterTest"/>
  <testcase name="password" time="33.481" classname="com.cjc.testCases.RegisterTest"/>
  <testcase name="emailOfCustomer" time="28.518" classname="com.cjc.testCases.RegisterTest"/>
  <testcase name="RegisterMaleCustomer" time="33.698" classname="com.cjc.testCases.RegisterTest"/>
  <testcase name="ConfirmPassword" time="29.540" classname="com.cjc.testCases.RegisterTest"/>
</testsuite> <!-- com.cjc.testCases.RegisterTest -->
