<?xml version="1.0" encoding="UTF-8"?>
<!-- Generated by org.testng.reporters.JUnitReportReporter -->
<testsuite skipped="0" hostname="CHINTAMANI-PC" name="com.cjc.testCases.RegisterTest" tests="2" failures="0" timestamp="21 Sep 2021 12:42:20 GMT" time="16.286" errors="0">
  <testcase name="RegisterFemaleCustomer" time="11.949" classname="com.cjc.testCases.RegisterTest"/>
  <testcase name="RegisterMaleCustomer" time="4.337" classname="com.cjc.testCases.RegisterTest"/>
</testsuite> <!-- com.cjc.testCases.RegisterTest -->
